#
# A fatal error has been detected by the Java Runtime Environment:
#
#  EXCEPTION_ACCESS_VIOLATION (0xc0000005) at pc=0x0000000076e2e4b4, pid=5356, tid=5632
#
# JRE version: 7.0_25-b17
# Java VM: Java HotSpot(TM) 64-Bit Server VM (23.25-b01 mixed mode windows-amd64 compressed oops)
# Problematic frame:
# C  [ntdll.dll+0x4e4b4]  RtlDeNormalizeProcessParams+0x5a4
#
# Failed to write core dump. Minidumps are not enabled by default on client versions of Windows
#
# If you would like to submit a bug report, please visit:
#   http://bugreport.sun.com/bugreport/crash.jsp
# The crash happened outside the Java Virtual Machine in native code.
# See problematic frame for where to report the bug.
#

---------------  T H R E A D  ---------------

Current thread (0x000000000e0ef000):  JavaThread "Thread-4" [_thread_in_native, id=5632, stack(0x00000000122f0000,0x00000000123f0000)]

siginfo: ExceptionCode=0xc0000005, writing address 0x0000000000000024

Registers:
RAX=0x0000000000000000, RBX=0x000000000f8e3b40, RCX=0x00000000fffffffc, RDX=0x0000000000000408
RSP=0x00000000123ee9e0, RBP=0x0000000000000000, RSI=0x0000000000000408, RDI=0x0000000000000000
R8 =0x00000000123ee998, R9 =0x0000000000000004, R10=0x0000000000000000, R11=0x0000000000000246
R12=0x0000000000000000, R13=0x0000000000000000, R14=0x000007fffff78000, R15=0x0000000000000000
RIP=0x0000000076e2e4b4, EFLAGS=0x0000000000010213

Top of Stack: (sp=0x00000000123ee9e0)
0x00000000123ee9e0:   00000000024d1880 0000000000000408
0x00000000123ee9f0:   00000000028c64f0 0000000000000000
0x00000000123eea00:   0000000000000000 000000000e4c6f58
0x00000000123eea10:   0000000000000000 0000000000000000
0x00000000123eea20:   0000000000000000 0000000000000000
0x00000000123eea30:   000000000e0ef000 000000000f90e230
0x00000000123eea40:   0000000000000004 0000000069cb1bd2
0x00000000123eea50:   00000000ff000000 0000000076e200db
0x00000000123eea60:   000000000e0ef000 00000000123ef2c8
0x00000000123eea70:   0000000000000004 0000000000000001
0x00000000123eea80:   00000000ff000000 0000000076e2e3db
0x00000000123eea90:   0000b15300000000 0000000000000000
0x00000000123eeaa0:   000000009ce1d820 000000000f8e3b40
0x00000000123eeab0:   000000000f8e3b38 0000000069cba3f5
0x00000000123eeac0:   00000000123eeb60 000000000f8e3b08
0x00000000123eead0:   00000000028c64f0 00000000123eec38 

Instructions: (pc=0x0000000076e2e4b4)
0x0000000076e2e494:   0f b1 4b 08 0f 85 9b 47 fd ff 48 8b 03 4c 89 ac
0x0000000076e2e4a4:   24 c0 00 00 00 33 ed 45 33 ed 48 83 f8 ff 74 03
0x0000000076e2e4b4:   ff 40 24 ba 22 17 00 00 48 8d 3d cd 8f 0e 00 80
0x0000000076e2e4c4:   3c 25 82 03 fe 7f 00 0f 85 53 be 01 00 48 83 fe 


Register to memory mapping:

RAX=0x0000000000000000 is an unknown value
RBX=0x000000000f8e3b40 is an unknown value
RCX=0x00000000fffffffc is an unallocated location in the heap
RDX=0x0000000000000408 is an unknown value
RSP=0x00000000123ee9e0 is pointing into the stack for thread: 0x000000000e0ef000
RBP=0x0000000000000000 is an unknown value
RSI=0x0000000000000408 is an unknown value
RDI=0x0000000000000000 is an unknown value
R8 =0x00000000123ee998 is pointing into the stack for thread: 0x000000000e0ef000
R9 =0x0000000000000004 is an unknown value
R10=0x0000000000000000 is an unknown value
R11=0x0000000000000246 is an unknown value
R12=0x0000000000000000 is an unknown value
R13=0x0000000000000000 is an unknown value
R14=0x000007fffff78000 is an unknown value
R15=0x0000000000000000 is an unknown value


Stack: [0x00000000122f0000,0x00000000123f0000],  sp=0x00000000123ee9e0,  free space=1018k
Native frames: (J=compiled Java code, j=interpreted, Vv=VM code, C=native code)
C  [ntdll.dll+0x4e4b4]  RtlDeNormalizeProcessParams+0x5a4

[error occurred during error reporting (printing native stack), id 0xc0000005]

Java frames: (J=compiled Java code, j=interpreted, Vv=VM code)
j  com.sun.jna.Native.invokeInt(JI[Ljava/lang/Object;)I+0
j  com.sun.jna.Function.invoke([Ljava/lang/Object;Ljava/lang/Class;Z)Ljava/lang/Object;+333
j  com.sun.jna.Function.invoke(Ljava/lang/Class;[Ljava/lang/Object;Ljava/util/Map;)Ljava/lang/Object;+214
j  com.sun.jna.Library$Handler.invoke(Ljava/lang/Object;Ljava/lang/reflect/Method;[Ljava/lang/Object;)Ljava/lang/Object;+341
j  com.sun.proxy.$Proxy10.libvlc_media_player_is_playing(Luk/co/caprica/vlcj/binding/internal/libvlc_media_player_t;)I+16
j  uk.co.caprica.vlcj.player.DefaultMediaPlayer.isPlaying()Z+17
j  cz.encircled.eplayer.view.Frame.releasePlayer()V+4
j  cz.encircled.eplayer.app.Application$2.run()V+17
v  ~StubRoutines::call_stub

---------------  P R O C E S S  ---------------

Java Threads: ( => current thread )
  0x000000000e0f0800 JavaThread "Thread-3" daemon [_thread_in_native, id=5760, stack(0x0000000011e70000,0x0000000011f70000)]
  0x000000000e0ef800 JavaThread "Thread-11" [_thread_in_native, id=4420, stack(0x00000000124f0000,0x00000000125f0000)]
=>0x000000000e0ef000 JavaThread "Thread-4" [_thread_in_native, id=5632, stack(0x00000000122f0000,0x00000000123f0000)]
  0x000000000e223800 JavaThread "Thread-14" [_thread_blocked, id=5524, stack(0x0000000011a00000,0x0000000011b00000)]
  0x000000000e223000 JavaThread "Thread-8" [_thread_blocked, id=1108, stack(0x0000000011fb0000,0x00000000120b0000)]
  0x000000000e1db800 JavaThread "TimerQueue" daemon [_thread_blocked, id=4960, stack(0x00000000104e0000,0x00000000105e0000)]
  0x000000000221d800 JavaThread "DestroyJavaVM" [_thread_blocked, id=2372, stack(0x00000000027c0000,0x00000000028c0000)]
  0x000000000e31a000 JavaThread "AWT-EventQueue-0" [_thread_blocked, id=1508, stack(0x000000000e7d0000,0x000000000e8d0000)]
  0x000000000e318800 JavaThread "AWT-Shutdown" [_thread_blocked, id=5624, stack(0x000000000eb00000,0x000000000ec00000)]
  0x000000000e318000 JavaThread "Java2D Disposer" daemon [_thread_blocked, id=5212, stack(0x000000000dc40000,0x000000000dd40000)]
  0x000000000cbb8800 JavaThread "Monitor Ctrl-Break" daemon [_thread_in_native, id=6072, stack(0x000000000d800000,0x000000000d900000)]
  0x000000000caa2000 JavaThread "Service Thread" daemon [_thread_blocked, id=5156, stack(0x000000000d4e0000,0x000000000d5e0000)]
  0x000000000ca99000 JavaThread "C2 CompilerThread1" daemon [_thread_blocked, id=4876, stack(0x000000000d2f0000,0x000000000d3f0000)]
  0x000000000ca8e000 JavaThread "C2 CompilerThread0" daemon [_thread_blocked, id=5764, stack(0x000000000cff0000,0x000000000d0f0000)]
  0x000000000ca8d000 JavaThread "Attach Listener" daemon [_thread_blocked, id=5272, stack(0x000000000d140000,0x000000000d240000)]
  0x000000000ca8c000 JavaThread "Signal Dispatcher" daemon [_thread_blocked, id=5188, stack(0x000000000cef0000,0x000000000cff0000)]
  0x000000000a878000 JavaThread "Finalizer" daemon [_thread_blocked, id=5448, stack(0x000000000c940000,0x000000000ca40000)]
  0x000000000a86f800 JavaThread "Reference Handler" daemon [_thread_blocked, id=3840, stack(0x000000000c6c0000,0x000000000c7c0000)]

Other Threads:
  0x000000000a868000 VMThread [stack: 0x000000000c4e0000,0x000000000c5e0000] [id=5924]
  0x000000000cabb000 WatcherThread [stack: 0x000000000c800000,0x000000000c900000] [id=5024]

VM state:not at safepoint (normal execution)

VM Mutex/Monitor currently owned by a thread: None

Heap
 PSYoungGen      total 28224K, used 21614K [0x00000000e0760000, 0x00000000e26e0000, 0x0000000100000000)
  eden space 24192K, 72% used [0x00000000e0760000,0x00000000e1893930,0x00000000e1f00000)
  from space 4032K, 99% used [0x00000000e1f00000,0x00000000e22e8030,0x00000000e22f0000)
  to   space 4032K, 0% used [0x00000000e22f0000,0x00000000e22f0000,0x00000000e26e0000)
 ParOldGen       total 64576K, used 24725K [0x00000000a1600000, 0x00000000a5510000, 0x00000000e0760000)
  object space 64576K, 38% used [0x00000000a1600000,0x00000000a2e254f8,0x00000000a5510000)
 PSPermGen       total 22400K, used 22397K [0x000000009c400000, 0x000000009d9e0000, 0x00000000a1600000)
  object space 22400K, 99% used [0x000000009c400000,0x000000009d9df500,0x000000009d9e0000)

Card table byte_map: [0x00000000058c0000,0x0000000005be0000] byte_map_base: 0x00000000053de000

Polling page: 0x0000000001c60000

Code Cache  [0x00000000028c0000, 0x0000000002b30000, 0x00000000058c0000)
 total_blobs=864 nmethods=333 adapters=482 free_code_cache=48022Kb largest_free_block=49129536

Compilation events (10 events):
Event: 28.741 Thread 0x000000000ca99000  341             java.awt.LightweightDispatcher::retargetMouseEvent (350 bytes)
Event: 28.757 Thread 0x000000000ca99000 nmethod 341 0x00000000029d8250 code [0x00000000029d84e0, 0x00000000029d9518]
Event: 28.851 Thread 0x000000000ca8e000  342   !         java.awt.Container::findComponentAt (42 bytes)
Event: 28.851 Thread 0x000000000ca99000  343             java.awt.Window::isRecursivelyVisible (5 bytes)
Event: 28.851 Thread 0x000000000ca99000 nmethod 343 0x00000000029caed0 code [0x00000000029cb000, 0x00000000029cb058]
Event: 28.852 Thread 0x000000000ca8e000 nmethod 342 0x00000000029da990 code [0x00000000029dab00, 0x00000000029dafa8]
Event: 29.731 Thread 0x000000000ca99000  344             java.awt.Component::getInputContext (16 bytes)
Event: 29.731 Thread 0x000000000ca99000 nmethod 344 0x00000000029d4a50 code [0x00000000029d4ba0, 0x00000000029d4c18]
Event: 29.839 Thread 0x000000000ca8e000  345             sun.java2d.pipe.AlphaPaintPipe::renderPathTile (491 bytes)
Event: 29.879 Thread 0x000000000ca8e000 nmethod 345 0x00000000029dfb50 code [0x00000000029dfe60, 0x00000000029e2548]

GC Heap History (6 events):
Event: 0.722 GC heap before
{Heap before GC invocations=1 (full 0):
 PSYoungGen      total 28224K, used 24192K [0x00000000e0760000, 0x00000000e26e0000, 0x0000000100000000)
  eden space 24192K, 100% used [0x00000000e0760000,0x00000000e1f00000,0x00000000e1f00000)
  from space 4032K, 0% used [0x00000000e22f0000,0x00000000e22f0000,0x00000000e26e0000)
  to   space 4032K, 0% used [0x00000000e1f00000,0x00000000e1f00000,0x00000000e22f0000)
 ParOldGen       total 64576K, used 0K [0x00000000a1600000, 0x00000000a5510000, 0x00000000e0760000)
  object space 64576K, 0% used [0x00000000a1600000,0x00000000a1600000,0x00000000a5510000)
 PSPermGen       total 21248K, used 9337K [0x000000009c400000, 0x000000009d8c0000, 0x00000000a1600000)
  object space 21248K, 43% used [0x000000009c400000,0x000000009cd1e6d8,0x000000009d8c0000)
Event: 0.726 GC heap after
Heap after GC invocations=1 (full 0):
 PSYoungGen      total 28224K, used 2728K [0x00000000e0760000, 0x00000000e26e0000, 0x0000000100000000)
  eden space 24192K, 0% used [0x00000000e0760000,0x00000000e0760000,0x00000000e1f00000)
  from space 4032K, 67% used [0x00000000e1f00000,0x00000000e21aa2e0,0x00000000e22f0000)
  to   space 4032K, 0% used [0x00000000e22f0000,0x00000000e22f0000,0x00000000e26e0000)
 ParOldGen       total 64576K, used 8K [0x00000000a1600000, 0x00000000a5510000, 0x00000000e0760000)
  object space 64576K, 0% used [0x00000000a1600000,0x00000000a1602000,0x00000000a5510000)
 PSPermGen       total 21248K, used 9337K [0x000000009c400000, 0x000000009d8c0000, 0x00000000a1600000)
  object space 21248K, 43% used [0x000000009c400000,0x000000009cd1e6d8,0x000000009d8c0000)
}
Event: 1.527 GC heap before
{Heap before GC invocations=2 (full 0):
 PSYoungGen      total 28224K, used 24839K [0x00000000e0760000, 0x00000000e26e0000, 0x0000000100000000)
  eden space 24192K, 91% used [0x00000000e0760000,0x00000000e1cf79c0,0x00000000e1f00000)
  from space 4032K, 67% used [0x00000000e1f00000,0x00000000e21aa2e0,0x00000000e22f0000)
  to   space 4032K, 0% used [0x00000000e22f0000,0x00000000e22f0000,0x00000000e26e0000)
 ParOldGen       total 64576K, used 8K [0x00000000a1600000, 0x00000000a5510000, 0x00000000e0760000)
  object space 64576K, 0% used [0x00000000a1600000,0x00000000a1602000,0x00000000a5510000)
 PSPermGen       total 21248K, used 20224K [0x000000009c400000, 0x000000009d8c0000, 0x00000000a1600000)
  object space 21248K, 95% used [0x000000009c400000,0x000000009d7c0368,0x000000009d8c0000)
Event: 1.535 GC heap after
Heap after GC invocations=2 (full 0):
 PSYoungGen      total 28224K, used 4004K [0x00000000e0760000, 0x00000000e26e0000, 0x0000000100000000)
  eden space 24192K, 0% used [0x00000000e0760000,0x00000000e0760000,0x00000000e1f00000)
  from space 4032K, 99% used [0x00000000e22f0000,0x00000000e26d9100,0x00000000e26e0000)
  to   space 4032K, 0% used [0x00000000e1f00000,0x00000000e1f00000,0x00000000e22f0000)
 ParOldGen       total 64576K, used 982K [0x00000000a1600000, 0x00000000a5510000, 0x00000000e0760000)
  object space 64576K, 1% used [0x00000000a1600000,0x00000000a16f5908,0x00000000a5510000)
 PSPermGen       total 21248K, used 20224K [0x000000009c400000, 0x000000009d8c0000, 0x00000000a1600000)
  object space 21248K, 95% used [0x000000009c400000,0x000000009d7c0368,0x000000009d8c0000)
}
Event: 7.506 GC heap before
{Heap before GC invocations=3 (full 0):
 PSYoungGen      total 28224K, used 28196K [0x00000000e0760000, 0x00000000e26e0000, 0x0000000100000000)
  eden space 24192K, 100% used [0x00000000e0760000,0x00000000e1f00000,0x00000000e1f00000)
  from space 4032K, 99% used [0x00000000e22f0000,0x00000000e26d9100,0x00000000e26e0000)
  to   space 4032K, 0% used [0x00000000e1f00000,0x00000000e1f00000,0x00000000e22f0000)
 ParOldGen       total 64576K, used 982K [0x00000000a1600000, 0x00000000a5510000, 0x00000000e0760000)
  object space 64576K, 1% used [0x00000000a1600000,0x00000000a16f5908,0x00000000a5510000)
 PSPermGen       total 22208K, used 22075K [0x000000009c400000, 0x000000009d9b0000, 0x00000000a1600000)
  object space 22208K, 99% used [0x000000009c400000,0x000000009d98eea8,0x000000009d9b0000)
Event: 7.523 GC heap after
Heap after GC invocations=3 (full 0):
 PSYoungGen      total 28224K, used 4000K [0x00000000e0760000, 0x00000000e26e0000, 0x0000000100000000)
  eden space 24192K, 0% used [0x00000000e0760000,0x00000000e0760000,0x00000000e1f00000)
  from space 4032K, 99% used [0x00000000e1f00000,0x00000000e22e8030,0x00000000e22f0000)
  to   space 4032K, 0% used [0x00000000e22f0000,0x00000000e22f0000,0x00000000e26e0000)
 ParOldGen       total 64576K, used 24725K [0x00000000a1600000, 0x00000000a5510000, 0x00000000e0760000)
  object space 64576K, 38% used [0x00000000a1600000,0x00000000a2e254f8,0x00000000a5510000)
 PSPermGen       total 22208K, used 22075K [0x000000009c400000, 0x000000009d9b0000, 0x00000000a1600000)
  object space 22208K, 99% used [0x000000009c400000,0x000000009d98eea8,0x000000009d9b0000)
}

Deoptimization events (10 events):
Event: 1.481 Thread 0x000000000e31a000 Uncommon trap -34 fr.pc 0x0000000002929558
Event: 3.478 Thread 0x000000000e4a5000 Uncommon trap -34 fr.pc 0x0000000002960514
Event: 3.478 Thread 0x000000000e4a5000 Uncommon trap -34 fr.pc 0x0000000002960514
Event: 3.478 Thread 0x000000000e4a5000 Uncommon trap -34 fr.pc 0x0000000002960514
Event: 3.478 Thread 0x000000000e4a5000 Uncommon trap -34 fr.pc 0x0000000002960514
Event: 16.672 Thread 0x000000000e5a2000 Uncommon trap -83 fr.pc 0x00000000029a8b94
Event: 16.771 Thread 0x000000000e31a000 Uncommon trap -34 fr.pc 0x00000000029a3840
Event: 19.256 Thread 0x000000000e31a000 Uncommon trap -83 fr.pc 0x00000000029b9698
Event: 19.989 Thread 0x000000000e31a000 Uncommon trap -34 fr.pc 0x00000000029a3840
Event: 19.991 Thread 0x000000000e31a000 Uncommon trap -34 fr.pc 0x00000000029a3840

Internal exceptions (10 events):
Event: 16.739 Thread 0x000000000e31a000 Threw 0x00000000e0f42b08 at C:\jdk7u2_64p\jdk7u25\hotspot\src\share\vm\prims\jvm.cpp:1235
Event: 16.739 Thread 0x000000000e31a000 Threw 0x00000000e0f443a0 at C:\jdk7u2_64p\jdk7u25\hotspot\src\share\vm\prims\jvm.cpp:1235
Event: 16.763 Thread 0x000000000e5a2000 Threw 0x00000000e0fae940 at C:\jdk7u2_64p\jdk7u25\hotspot\src\share\vm\prims\jvm.cpp:1235
Event: 19.256 Thread 0x000000000e31a000 Implicit null exception at 0x00000000029b9545 to 0x00000000029b9681
Event: 19.991 Thread 0x000000000e31a000 Threw 0x00000000e12e1ba8 at C:\jdk7u2_64p\jdk7u25\hotspot\src\share\vm\prims\jvm.cpp:1235
Event: 19.993 Thread 0x000000000e5a2000 Threw 0x00000000e132e690 at C:\jdk7u2_64p\jdk7u25\hotspot\src\share\vm\prims\jvm.cpp:1235
Event: 19.993 Thread 0x000000000e5a2000 Threw 0x00000000e1332c48 at C:\jdk7u2_64p\jdk7u25\hotspot\src\share\vm\prims\jvm.cpp:1235
Event: 19.995 Thread 0x000000000e5a2000 Threw 0x00000000e1343ca8 at C:\jdk7u2_64p\jdk7u25\hotspot\src\share\vm\prims\jvm.cpp:1235
Event: 20.292 Thread 0x000000000e31a000 Threw 0x00000000e1368dc0 at C:\jdk7u2_64p\jdk7u25\hotspot\src\share\vm\prims\jvm.cpp:1235
Event: 30.347 Thread 0x000000000dffb800 Threw 0x00000000e17c0230 at C:\jdk7u2_64p\jdk7u25\hotspot\src\share\vm\prims\jvm.cpp:1235

Events (10 events):
Event: 30.349 Executing VM operation: RevokeBias
Event: 30.349 Executing VM operation: RevokeBias done
Event: 30.349 Thread 0x000000000e0f2800 Thread exited: 0x000000000e0f2800
Event: 30.349 Executing VM operation: RevokeBias
Event: 30.350 Executing VM operation: RevokeBias done
Event: 30.350 Thread 0x000000000e0f1000 Thread exited: 0x000000000e0f1000
Event: 30.350 Executing VM operation: RevokeBias
Event: 30.350 Executing VM operation: RevokeBias done
Event: 30.350 Thread 0x000000000e0f2000 Thread exited: 0x000000000e0f2000
Event: 30.350 Thread 0x000000000e319800 Thread exited: 0x000000000e319800


Dynamic libraries:
0x000000013fb70000 - 0x000000013fba3000 	C:\Program Files\Java\jdk1.7.0_25\bin\java.exe
0x0000000076de0000 - 0x0000000076f89000 	C:\Windows\SYSTEM32\ntdll.dll
0x0000000076bc0000 - 0x0000000076cdf000 	C:\Windows\system32\kernel32.dll
0x000007fefcc70000 - 0x000007fefccdb000 	C:\Windows\system32\KERNELBASE.dll
0x000007fefe3b0000 - 0x000007fefe48b000 	C:\Windows\system32\ADVAPI32.dll
0x000007fefd3d0000 - 0x000007fefd46f000 	C:\Windows\system32\msvcrt.dll
0x000007fefd100000 - 0x000007fefd11f000 	C:\Windows\SYSTEM32\sechost.dll
0x000007fefeaf0000 - 0x000007fefec1d000 	C:\Windows\system32\RPCRT4.dll
0x0000000076ce0000 - 0x0000000076dda000 	C:\Windows\system32\USER32.dll
0x000007fefd350000 - 0x000007fefd3b7000 	C:\Windows\system32\GDI32.dll
0x000007feff090000 - 0x000007feff09e000 	C:\Windows\system32\LPK.dll
0x000007fefe860000 - 0x000007fefe929000 	C:\Windows\system32\USP10.dll
0x000007fefacf0000 - 0x000007fefaee4000 	C:\Windows\WinSxS\amd64_microsoft.windows.common-controls_6595b64144ccf1df_6.0.7601.17514_none_fa396087175ac9ac\COMCTL32.dll
0x000007fefea50000 - 0x000007fefeac1000 	C:\Windows\system32\SHLWAPI.dll
0x000007fefd510000 - 0x000007fefd53e000 	C:\Windows\system32\IMM32.DLL
0x000007fefcff0000 - 0x000007fefd0f9000 	C:\Windows\system32\MSCTF.dll
0x000007fefcb70000 - 0x000007fefcbb6000 	C:\Windows\system32\nvinitx.dll
0x000000000f000000 - 0x000000000f006000 	C:\Program Files\NVIDIA Corporation\CoProcManager\_etoured.dll
0x000007fef8e00000 - 0x000007fef8e55000 	C:\Program Files\NVIDIA Corporation\CoProcManager\nvd3d9wrapx.dll
0x000007fefeeb0000 - 0x000007feff087000 	C:\Windows\system32\SETUPAPI.dll
0x000007fefcda0000 - 0x000007fefcdd6000 	C:\Windows\system32\CFGMGR32.dll
0x000007fefd540000 - 0x000007fefd617000 	C:\Windows\system32\OLEAUT32.dll
0x000007fefe650000 - 0x000007fefe853000 	C:\Windows\system32\ole32.dll
0x000007fefcce0000 - 0x000007fefccfa000 	C:\Windows\system32\DEVOBJ.dll
0x000007fef8db0000 - 0x000007fef8ded000 	C:\Program Files\NVIDIA Corporation\CoProcManager\nvdxgiwrapx.dll
0x0000000069750000 - 0x0000000069821000 	C:\Program Files\Java\jdk1.7.0_25\jre\bin\msvcr100.dll
0x0000000065320000 - 0x0000000065a2f000 	C:\Program Files\Java\jdk1.7.0_25\jre\bin\server\jvm.dll
0x000007fef8df0000 - 0x000007fef8df9000 	C:\Windows\system32\WSOCK32.dll
0x000007feff0a0000 - 0x000007feff0ed000 	C:\Windows\system32\WS2_32.dll
0x000007fefd3c0000 - 0x000007fefd3c8000 	C:\Windows\system32\NSI.dll
0x000007fefb340000 - 0x000007fefb37b000 	C:\Windows\system32\WINMM.dll
0x0000000076fb0000 - 0x0000000076fb7000 	C:\Windows\system32\PSAPI.DLL
0x0000000070dc0000 - 0x0000000070dcf000 	C:\Program Files\Java\jdk1.7.0_25\jre\bin\verify.dll
0x000000006cbc0000 - 0x000000006cbe8000 	C:\Program Files\Java\jdk1.7.0_25\jre\bin\java.dll
0x0000000070c10000 - 0x0000000070c25000 	C:\Program Files\Java\jdk1.7.0_25\jre\bin\zip.dll
0x000007fefacc0000 - 0x000007fefacd0000 	C:\Program Files (x86)\JetBrains\IntelliJ IDEA 12.1.4\bin\breakgen64.dll
0x000000006c170000 - 0x000000006c189000 	C:\Program Files\Java\jdk1.7.0_25\jre\bin\net.dll
0x000007fefc3e0000 - 0x000007fefc435000 	C:\Windows\system32\mswsock.dll
0x000007fefc3d0000 - 0x000007fefc3d7000 	C:\Windows\System32\wship6.dll
0x0000000070db0000 - 0x0000000070dbb000 	C:\Program Files\Java\jdk1.7.0_25\jre\bin\management.dll
0x000000006c370000 - 0x000000006c381000 	C:\Program Files\Java\jdk1.7.0_25\jre\bin\nio.dll
0x000007fefb000000 - 0x000007fefb015000 	C:\Windows\system32\NLAapi.dll
0x000007fef68d0000 - 0x000007fef68e5000 	C:\Windows\system32\napinsp.dll
0x000007fef6310000 - 0x000007fef6329000 	C:\Windows\system32\pnrpnsp.dll
0x000007fefc260000 - 0x000007fefc2bb000 	C:\Windows\system32\DNSAPI.dll
0x000007fef68c0000 - 0x000007fef68cb000 	C:\Windows\System32\winrnr.dll
0x000007fef6300000 - 0x000007fef6310000 	C:\Windows\system32\wshbth.dll
0x000007fefbd80000 - 0x000007fefbd87000 	C:\Windows\System32\wshtcpip.dll
0x000007fefa9d0000 - 0x000007fefa9f7000 	C:\Windows\system32\IPHLPAPI.DLL
0x000007fefa9b0000 - 0x000007fefa9bb000 	C:\Windows\system32\WINNSI.DLL
0x000007fef7740000 - 0x000007fef7748000 	C:\Windows\system32\rasadhlp.dll
0x000007fefa860000 - 0x000007fefa8b3000 	C:\Windows\System32\fwpuclnt.dll
0x0000000067560000 - 0x00000000676f5000 	C:\Program Files\Java\jdk1.7.0_25\jre\bin\awt.dll
0x000007fefc440000 - 0x000007fefc457000 	C:\Windows\system32\CRYPTSP.dll
0x000007fefc140000 - 0x000007fefc187000 	C:\Windows\system32\rsaenh.dll
0x000007fefbec0000 - 0x000007fefbede000 	C:\Windows\system32\USERENV.dll
0x000007fefcbc0000 - 0x000007fefcbcf000 	C:\Windows\system32\profapi.dll
0x000007fefcaa0000 - 0x000007fefcaaf000 	C:\Windows\system32\CRYPTBASE.dll
0x000007fef3cf0000 - 0x000007fef3d27000 	C:\Users\Encircled\AppData\Local\Temp\jna-Encircled\jna2905198730584859741.dll
0x0000000069cb0000 - 0x0000000069ce0000 	D:\soft\vlc64\libvlc.dll
0x0000000067300000 - 0x0000000067556000 	D:\soft\vlc64\libvlccore.dll
0x000007fefd620000 - 0x000007fefe3a8000 	C:\Windows\system32\SHELL32.dll
0x000007fefac30000 - 0x000007fefac86000 	C:\Windows\system32\uxtheme.dll
0x000007fefa3b0000 - 0x000007fefa3c8000 	C:\Windows\system32\dwmapi.dll
0x0000000069690000 - 0x00000000696e6000 	D:\soft\vlc64\plugins\access\libdshow_plugin.dll
0x0000000069c90000 - 0x0000000069cb0000 	D:\soft\vlc64\plugins\audio_output\libaout_directx_plugin.dll
0x0000000069730000 - 0x0000000069750000 	D:\soft\vlc64\plugins\audio_output\libwaveout_plugin.dll
0x000007fef4d50000 - 0x000007fef4dd8000 	C:\Windows\system32\DSOUND.dll
0x000007fefb9f0000 - 0x000007fefba1c000 	C:\Windows\system32\POWRPROF.dll
0x00000000647a0000 - 0x0000000065311000 	D:\soft\vlc64\plugins\gui\libqt4_plugin.dll
0x000007fefe930000 - 0x000007fefe9c7000 	C:\Windows\system32\comdlg32.dll
0x000007fef9660000 - 0x000007fef96d1000 	C:\Windows\system32\WINSPOOL.DRV
0x0000000067180000 - 0x00000000672f9000 	D:\soft\vlc64\plugins\misc\libxml_plugin.dll
0x0000000069660000 - 0x0000000069686000 	D:\soft\vlc64\plugins\video_output\libdirectx_plugin.dll
0x0000000069710000 - 0x000000006972c000 	D:\soft\vlc64\plugins\mmxext\libmemcpymmxext_plugin.dll
0x0000000069630000 - 0x0000000069651000 	D:\soft\vlc64\plugins\control\libhotkeys_plugin.dll
0x00000000695f0000 - 0x000000006962f000 	C:\Program Files\Java\jdk1.7.0_25\jre\bin\fontmanager.dll
0x0000000068310000 - 0x0000000068351000 	C:\Program Files\Java\jdk1.7.0_25\jre\bin\t2k.dll
0x0000000068380000 - 0x00000000683aa000 	C:\Program Files\Java\jdk1.7.0_25\jre\bin\dcpr.dll
0x000007fefd470000 - 0x000007fefd509000 	C:\Windows\system32\CLBCatQ.DLL
0x000007fefa200000 - 0x000007fefa361000 	C:\Windows\system32\WindowsCodecs.dll
0x000007fefca40000 - 0x000007fefca97000 	C:\Windows\system32\apphelp.dll
0x000007fef6ea0000 - 0x000007fef6ed5000 	C:\Windows\system32\EhStorShell.dll
0x000007fefb870000 - 0x000007fefb99c000 	C:\Windows\system32\PROPSYS.dll
0x000007fef5e50000 - 0x000007fef5f10000 	C:\Program Files (x86)\Google\Drive\googledrivesync64.dll
0x0000000070ef0000 - 0x0000000070fc3000 	C:\Windows\WinSxS\amd64_microsoft.vc90.crt_1fc8b3b9a1e18e3b_9.0.30729.6161_none_08e61857a83bc251\MSVCP90.dll
0x0000000070e40000 - 0x0000000070ee3000 	C:\Windows\WinSxS\amd64_microsoft.vc90.crt_1fc8b3b9a1e18e3b_9.0.30729.6161_none_08e61857a83bc251\MSVCR90.dll
0x000007fef5740000 - 0x000007fef57be000 	C:\Windows\System32\cscui.dll
0x000007fef6260000 - 0x000007fef626c000 	C:\Windows\System32\CSCDLL.dll
0x000007fef6e20000 - 0x000007fef6e2f000 	C:\Windows\system32\CSCAPI.dll
0x000007fef56c0000 - 0x000007fef5740000 	C:\Windows\system32\ntshrui.dll
0x000007fefc6c0000 - 0x000007fefc6e3000 	C:\Windows\system32\srvcli.dll
0x000007fefaf10000 - 0x000007fefaf1b000 	C:\Windows\system32\slc.dll
0x0000000074850000 - 0x0000000074857000 	C:\Program Files\Java\jdk1.7.0_25\jre\bin\jawt.dll
0x0000000067c50000 - 0x0000000067c93000 	D:\soft\vlc64\plugins\access\liblibbluray_plugin.dll
0x0000000067c20000 - 0x0000000067c4b000 	D:\soft\vlc64\plugins\access\libaccess_bd_plugin.dll
0x0000000067120000 - 0x0000000067175000 	D:\soft\vlc64\plugins\access\libdvdnav_plugin.dll
0x00000000696f0000 - 0x000000006970e000 	D:\soft\vlc64\plugins\access\libaccess_vdr_plugin.dll
0x00000000695d0000 - 0x00000000695ef000 	D:\soft\vlc64\plugins\access\libfilesystem_plugin.dll
0x0000000067090000 - 0x000000006711a000 	D:\soft\vlc64\plugins\stream_filter\libstream_filter_httplive_plugin.dll
0x0000000066900000 - 0x00000000669e0000 	D:\soft\vlc64\plugins\stream_filter\libstream_filter_dash_plugin.dll
0x0000000068360000 - 0x000000006837d000 	D:\soft\vlc64\plugins\access\libstream_filter_rar_plugin.dll
0x0000000067bf0000 - 0x0000000067c18000 	D:\soft\vlc64\plugins\access\libzip_plugin.dll
0x0000000067070000 - 0x000000006708c000 	D:\soft\vlc64\plugins\stream_filter\libstream_filter_record_plugin.dll
0x0000000064600000 - 0x0000000064792000 	D:\soft\vlc64\plugins\demux\libmkv_plugin.dll
0x0000000067020000 - 0x0000000067068000 	D:\soft\vlc64\plugins\codec\libpng_plugin.dll
0x0000000067000000 - 0x000000006701d000 	D:\soft\vlc64\plugins\codec\libcdg_plugin.dll
0x0000000064470000 - 0x00000000645f5000 	D:\soft\vlc64\plugins\codec\libschroedinger_plugin.dll
0x00000000668e0000 - 0x0000000066900000 	D:\soft\vlc64\plugins\codec\libaraw_plugin.dll
0x00000000642a0000 - 0x0000000064465000 	D:\soft\vlc64\plugins\codec\libvorbis_plugin.dll
0x0000000064280000 - 0x000000006429d000 	D:\soft\vlc64\plugins\codec\libdts_plugin.dll
0x0000000064200000 - 0x000000006427a000 	D:\soft\vlc64\plugins\codec\libfaad_plugin.dll
0x00000000641c0000 - 0x0000000064200000 	D:\soft\vlc64\plugins\codec\libspeex_plugin.dll
0x00000000641a0000 - 0x00000000641bc000 	D:\soft\vlc64\plugins\codec\libaes3_plugin.dll
0x0000000064130000 - 0x0000000064197000 	D:\soft\vlc64\plugins\codec\libtheora_plugin.dll
0x00000000640d0000 - 0x0000000064123000 	D:\soft\vlc64\plugins\codec\libflac_plugin.dll
0x0000000063fb0000 - 0x00000000640ca000 	D:\soft\vlc64\plugins\codec\liblibass_plugin.dll
0x0000000063f40000 - 0x0000000063fb0000 	D:\soft\vlc64\plugins\codec\libopus_plugin.dll
0x0000000063f20000 - 0x0000000063f3d000 	D:\soft\vlc64\plugins\codec\libmpeg_audio_plugin.dll
0x0000000063f00000 - 0x0000000063f1d000 	D:\soft\vlc64\plugins\codec\liblpcm_plugin.dll
0x0000000063e40000 - 0x0000000063efa000 	D:\soft\vlc64\plugins\codec\libfluidsynth_plugin.dll
0x0000000063e20000 - 0x0000000063e3d000 	D:\soft\vlc64\plugins\codec\liba52_plugin.dll
0x0000000063e00000 - 0x0000000063e1d000 	D:\soft\vlc64\plugins\codec\libspudec_plugin.dll
0x0000000063090000 - 0x0000000063df6000 	D:\soft\vlc64\plugins\codec\libavcodec_plugin.dll
0x0000000062e90000 - 0x0000000063081000 	D:\soft\vlc64\plugins\meta_engine\libtaglib_plugin.dll
0x0000000062e30000 - 0x0000000062e8e000 	D:\soft\vlc64\plugins\lua\liblua_plugin.dll
0x0000000062d50000 - 0x0000000062e29000 	D:\soft\vlc64\plugins\text_renderer\libfreetype_plugin.dll
0x000007fefb9a0000 - 0x000007fefb9eb000 	C:\Windows\System32\MMDevApi.dll

VM Arguments:
jvm_args: -Didea.launcher.port=7538 -Didea.launcher.bin.path=C:\Program Files (x86)\JetBrains\IntelliJ IDEA 12.1.4\bin -Dfile.encoding=UTF-8 
java_command: com.intellij.rt.execution.application.AppMain cz.encircled.eplayer.app.Application
Launcher Type: SUN_STANDARD

Environment Variables:
PATH=C:\Program Files (x86)\JetBrains\IntelliJ IDEA 12.1.4\bin\..\.\bin;C:\Program Files (x86)\NVIDIA Corporation\PhysX\Common;C:\Windows\system32;C:\Windows;C:\Windows\System32\Wbem;C:\Windows\System32\WindowsPowerShell\v1.0\;C:\Program Files\Intel\WiFi\bin\;C:\Program Files\Common Files\Intel\WirelessCommon\;C:\Program Files (x86)\Git\cmd;C:\Ruby193\bin;C:\Program Files\Intel\WiFi\bin\;C:\Program Files\Common Files\Intel\WirelessCommon\;.;;.;;c:\program files (x86)\jetbrains\intellij idea 12.1.4\jre\jre\bin
USERNAME=Encircled
OS=Windows_NT
PROCESSOR_IDENTIFIER=Intel64 Family 6 Model 42 Stepping 7, GenuineIntel



---------------  S Y S T E M  ---------------

OS: Windows 7 , 64 bit Build 7601 Service Pack 1

CPU:total 8 (4 cores per cpu, 2 threads per core) family 6 model 42 stepping 7, cmov, cx8, fxsr, mmx, sse, sse2, sse3, ssse3, sse4.1, sse4.2, popcnt, avx, ht, tsc, tscinvbit

Memory: 4k page, physical 6193208k(3005824k free), swap 12384556k(8701004k free)

vm_info: Java HotSpot(TM) 64-Bit Server VM (23.25-b01) for windows-amd64 JRE (1.7.0_25-b17), built on Jun 21 2013 12:58:32 by "java_re" with unknown MS VC++:1600

time: Sat Sep 14 16:45:06 2013
elapsed time: 30 seconds

