13:02:10.016 [AWT-EventQueue-0] DEBUG cz.encircled.eplayer.view.Frame - time 1775957, length 3439552
13:02:39.553 [AWT-EventQueue-0] DEBUG cz.encircled.eplayer.view.Frame - time 1775957, length 3439552
13:02:51.836 [AWT-EventQueue-0] DEBUG cz.encircled.eplayer.view.Frame - time 1472559, length 3287680
13:02:57.309 [AWT-EventQueue-0] DEBUG cz.encircled.eplayer.view.Frame - time 1477742, length 3287680
13:03:03.249 [AWT-EventQueue-0] DEBUG cz.encircled.eplayer.view.Frame - time 1775957, length 3439552
13:03:12.823 [AWT-EventQueue-0] DEBUG cz.encircled.eplayer.view.Frame - time 1782544, length 3439552
13:03:20.315 [AWT-EventQueue-0] DEBUG cz.encircled.eplayer.view.Frame - time 3362082, length 3439552
13:06:07.468 [AWT-EventQueue-0] DEBUG cz.encircled.eplayer.view.Frame - time 3362082, length 3439552
13:07:26.028 [AWT-EventQueue-0] DEBUG cz.encircled.eplayer.view.Frame - is playable false
13:07:26.104 [AWT-EventQueue-0] DEBUG cz.encircled.eplayer.view.Frame - time 3439552, length 3439552
13:08:06.980 [AWT-EventQueue-0] DEBUG cz.encircled.eplayer.view.Frame - is playable false
13:08:07.056 [AWT-EventQueue-0] DEBUG cz.encircled.eplayer.view.Frame - time 3439552, length 3439552
13:10:16.478 [AWT-EventQueue-0] DEBUG cz.encircled.eplayer.view.Frame - is playable false
13:10:16.552 [AWT-EventQueue-0] DEBUG cz.encircled.eplayer.view.Frame - time 3439552, length 3439552
13:11:04.362 [AWT-EventQueue-0] DEBUG cz.encircled.eplayer.view.Frame - is playable false
13:11:04.434 [AWT-EventQueue-0] DEBUG cz.encircled.eplayer.view.Frame - time 3439552, length 3439552
13:11:12.332 [AWT-EventQueue-0] DEBUG cz.encircled.eplayer.view.Frame - is playable false
13:15:39.724 [AWT-EventQueue-0] DEBUG cz.encircled.eplayer.view.Frame - time 3439552, length 3439552
13:15:43.238 [AWT-EventQueue-0] DEBUG cz.encircled.eplayer.view.Frame - time 3439552, length 3439552
13:15:46.594 [AWT-EventQueue-0] DEBUG cz.encircled.eplayer.view.Frame - time 3439552, length 3439552
13:15:49.336 [AWT-EventQueue-0] DEBUG cz.encircled.eplayer.view.Frame - time 3439552, length 3439552
13:20:45.960 [Thread-635] DEBUG cz.encircled.eplayer.app.PropertyProvider - prop saved
13:20:51.633 [main] ERROR cz.encircled.eplayer.app.Application - Failed to load vlc libs from specified path D:/soft/vlc641
13:21:02.739 [Thread-6] DEBUG cz.encircled.eplayer.app.PropertyProvider - prop saved
13:31:24.325 [Thread-85] DEBUG cz.encircled.eplayer.app.PropertyProvider - Exception while storing json, returning previous version - false
13:31:24.327 [Thread-85] ERROR cz.encircled.eplayer.app.Application - Failed to save playable to D:/quicknavi.json
13:39:18.736 [Thread-63] ERROR cz.encircled.eplayer.app.Application - Failed to save playable to D:/quicknavi.json, msg D:\quicknavi.json
13:39:39.296 [Thread-64] ERROR cz.encircled.eplayer.app.Application - Failed to save playable to D:/quicknavi.json, msg D:\eplayer.bu
13:40:22.723 [Thread-62] ERROR cz.encircled.eplayer.app.Application - Failed to save playable to D:/quicknavi.json, msg D:\eplayer.bu
13:41:08.732 [Thread-65] ERROR cz.encircled.eplayer.app.Application - Failed to save playable to D:/quicknavi.json, msg java.nio.file.FileAlreadyExistsException: D:\eplayer.bu
13:41:09.605 [Thread-66] ERROR cz.encircled.eplayer.app.Application - Failed to save playable to D:/quicknavi.json, msg java.nio.file.FileAlreadyExistsException: D:\eplayer.bu
13:42:37.111 [Thread-83] ERROR cz.encircled.eplayer.app.Application - Failed to save playable to D:/quicknavi.json, msg java.nio.file.FileAlreadyExistsException: D:\eplayer.bu
13:42:37.913 [Thread-84] ERROR cz.encircled.eplayer.app.Application - Failed to save playable to D:/quicknavi.json, msg java.nio.file.FileAlreadyExistsException: D:\eplayer.bu
13:42:52.454 [Thread-61] ERROR cz.encircled.eplayer.app.Application - Failed to save playable to D:/quicknavi.json, msg java.nio.file.FileAlreadyExistsException: D:\quicknavi.json
13:43:32.897 [Thread-47] ERROR cz.encircled.eplayer.app.Application - Failed to save playable to D:/quicknavi.json, msg java.nio.file.FileSystemException: D:\quicknavi.json: The process cannot access the file because it is being used by another process.

13:49:12.876 [AWT-EventQueue-0] DEBUG cz.encircled.eplayer.app.Application - update
13:49:12.877 [AWT-EventQueue-0] DEBUG cz.encircled.eplayer.app.Application - save
13:49:14.121 [Thread-4] DEBUG cz.encircled.eplayer.app.Application - update
13:49:36.010 [AWT-EventQueue-0] DEBUG cz.encircled.eplayer.app.Application - update
13:49:36.011 [AWT-EventQueue-0] DEBUG cz.encircled.eplayer.app.Application - save
13:49:37.790 [AWT-EventQueue-0] DEBUG cz.encircled.eplayer.app.Application - update
13:49:37.790 [AWT-EventQueue-0] DEBUG cz.encircled.eplayer.app.Application - save
13:49:41.925 [AWT-EventQueue-0] DEBUG cz.encircled.eplayer.app.Application - update
13:49:41.925 [AWT-EventQueue-0] DEBUG cz.encircled.eplayer.app.Application - save
13:49:43.218 [Thread-4] DEBUG cz.encircled.eplayer.app.Application - update
13:50:12.380 [AWT-EventQueue-0] DEBUG cz.encircled.eplayer.app.Application - update
13:50:12.381 [AWT-EventQueue-0] DEBUG cz.encircled.eplayer.app.Application - save
13:50:13.264 [Thread-4] DEBUG cz.encircled.eplayer.app.Application - update
13:50:13.264 [Thread-4] DEBUG cz.encircled.eplayer.app.Application - save
13:53:05.299 [AWT-EventQueue-0] DEBUG cz.encircled.eplayer.app.Application - update
13:53:05.301 [AWT-EventQueue-0] DEBUG cz.encircled.eplayer.app.Application - save
13:53:06.261 [Thread-4] DEBUG cz.encircled.eplayer.app.Application - ZERO TIME
13:53:06.262 [Thread-4] DEBUG cz.encircled.eplayer.app.Application - save
13:53:22.552 [AWT-EventQueue-0] DEBUG cz.encircled.eplayer.app.Application - update
13:53:22.553 [AWT-EventQueue-0] DEBUG cz.encircled.eplayer.app.Application - save
13:53:24.050 [Thread-4] DEBUG cz.encircled.eplayer.app.Application - ZERO TIME
13:53:24.050 [Thread-4] DEBUG cz.encircled.eplayer.app.Application - save
13:55:20.398 [AWT-EventQueue-0] DEBUG cz.encircled.eplayer.app.Application - update
13:55:20.399 [AWT-EventQueue-0] DEBUG cz.encircled.eplayer.app.Application - save
13:55:40.190 [AWT-EventQueue-0] DEBUG cz.encircled.eplayer.app.Application - update
13:55:40.191 [AWT-EventQueue-0] DEBUG cz.encircled.eplayer.app.Application - save
14:04:51.738 [AWT-EventQueue-0] DEBUG cz.encircled.eplayer.app.Application - update
14:04:56.996 [Timer-0] DEBUG cz.encircled.eplayer.app.Application - update
14:05:14.028 [AWT-EventQueue-0] DEBUG cz.encircled.eplayer.app.Application - update
14:07:41.892 [AWT-EventQueue-0] DEBUG cz.encircled.eplayer.app.Application - update
14:19:48.437 [AWT-EventQueue-0] DEBUG cz.encircled.eplayer.app.Application - update
14:26:07.698 [AWT-EventQueue-0] DEBUG cz.encircled.eplayer.app.Application - update
14:39:41.787 [AWT-EventQueue-0] DEBUG cz.encircled.eplayer.app.Application - update
14:39:48.690 [AWT-EventQueue-0] DEBUG cz.encircled.eplayer.app.Application - update
14:39:53.012 [AWT-EventQueue-0] DEBUG cz.encircled.eplayer.app.Application - update
16:13:38.234 [AWT-EventQueue-0] DEBUG cz.encircled.eplayer.app.Application - update
16:13:48.261 [AWT-EventQueue-0] DEBUG cz.encircled.eplayer.app.Application - update
16:13:50.569 [AWT-EventQueue-0] DEBUG cz.encircled.eplayer.app.Application - update
16:13:52.616 [AWT-EventQueue-0] DEBUG cz.encircled.eplayer.app.Application - update
16:14:13.018 [AWT-EventQueue-0] DEBUG cz.encircled.eplayer.app.Application - update
16:14:57.040 [AWT-EventQueue-0] DEBUG cz.encircled.eplayer.app.Application - update
16:29:03.456 [AWT-EventQueue-0] DEBUG cz.encircled.eplayer.app.Application - update
16:56:57.499 [AWT-EventQueue-0] DEBUG cz.encircled.eplayer.app.Application - update
17:11:05.600 [AWT-EventQueue-0] DEBUG cz.encircled.eplayer.app.Application - update
17:11:10.455 [AWT-EventQueue-0] DEBUG cz.encircled.eplayer.app.Application - update
